<?xml version="1.0" encoding="UTF-8"?>
<!-- Generated by org.testng.reporters.JUnitXMLReporter -->
<testsuite ignored="0" hostname="DESKTOP-PGQDMSG" failures="0" tests="4" name="Default test" time="82.407" errors="0" timestamp="2024-09-07T22:44:42 IST">
  <testcase classname="curaHealth.tests.EtETest" name="TC_01_LoginPositiveCase" time="3.906"/>
  <testcase classname="curaHealth.tests.EtETest" name="TC_02_LoginNegativeCase" time="6.968"/>
  <testcase classname="curaHealth.tests.EtETest" name="TC_03_BookAppointment" time="14.685"/>
  <testcase classname="curaHealth.tests.EtETest" name="TC_04_VerifyIfBookingIsAddedToHistoryPage" time="20.128"/>
</testsuite> <!-- Default test -->
