<?xml version="1.0" encoding="UTF-8"?>
<!-- Generated by org.testng.reporters.JUnitXMLReporter -->
<testsuite ignored="0" hostname="DESKTOP-PGQDMSG" failures="0" tests="3" name="Submit Order Test" time="78.16" errors="0" timestamp="2024-09-07T22:41:59 IST">
  <testcase classname="curaHealth.tests.EtETest" name="TC_01_LoginPositiveCase" time="14.506"/>
  <testcase classname="curaHealth.tests.EtETest" name="TC_03_BookAppointment" time="8.937"/>
  <testcase classname="curaHealth.tests.EtETest" name="TC_04_VerifyIfBookingIsAddedToHistoryPage" time="12.273"/>
</testsuite> <!-- Submit Order Test -->
