<?xml version="1.0" encoding="UTF-8"?>
<testng-results ignored="0" total="4" passed="4" failed="0" skipped="0">
  <reporter-output>
  </reporter-output>
  <suite started-at="2024-09-07T22:43:19 IST" name="Default suite" finished-at="2024-09-07T22:44:41 IST" duration-ms="82407">
    <groups>
    </groups>
    <test started-at="2024-09-07T22:43:19 IST" name="Default test" finished-at="2024-09-07T22:44:41 IST" duration-ms="82407">
      <class name="curaHealth.tests.EtETest">
        <test-method is-config="true" signature="launchApplication()[pri:0, instance:curaHealth.tests.EtETest@78691363]" started-at="2024-09-07T22:43:19 IST" name="launchApplication" finished-at="2024-09-07T22:43:29 IST" duration-ms="9948" status="PASS">
          <reporter-output>
          </reporter-output>
        </test-method> <!-- launchApplication -->
        <test-method signature="TC_01_LoginPositiveCase()[pri:0, instance:curaHealth.tests.EtETest@78691363]" started-at="2024-09-07T22:43:29 IST" name="TC_01_LoginPositiveCase" finished-at="2024-09-07T22:43:33 IST" duration-ms="3906" status="PASS">
          <reporter-output>
          </reporter-output>
        </test-method> <!-- TC_01_LoginPositiveCase -->
        <test-method is-config="true" signature="launchApplication()[pri:0, instance:curaHealth.tests.EtETest@78691363]" started-at="2024-09-07T22:43:33 IST" name="launchApplication" finished-at="2024-09-07T22:43:41 IST" duration-ms="7486" status="PASS">
          <reporter-output>
          </reporter-output>
        </test-method> <!-- launchApplication -->
        <test-method signature="TC_02_LoginNegativeCase()[pri:0, instance:curaHealth.tests.EtETest@78691363]" started-at="2024-09-07T22:43:41 IST" name="TC_02_LoginNegativeCase" finished-at="2024-09-07T22:43:48 IST" duration-ms="6968" status="PASS">
          <reporter-output>
          </reporter-output>
        </test-method> <!-- TC_02_LoginNegativeCase -->
        <test-method is-config="true" signature="launchApplication()[pri:0, instance:curaHealth.tests.EtETest@78691363]" started-at="2024-09-07T22:43:48 IST" name="launchApplication" finished-at="2024-09-07T22:43:57 IST" duration-ms="9036" status="PASS">
          <reporter-output>
          </reporter-output>
        </test-method> <!-- launchApplication -->
        <test-method signature="TC_03_BookAppointment()[pri:0, instance:curaHealth.tests.EtETest@78691363]" started-at="2024-09-07T22:43:57 IST" name="TC_03_BookAppointment" finished-at="2024-09-07T22:44:11 IST" duration-ms="14685" status="PASS">
          <reporter-output>
          </reporter-output>
        </test-method> <!-- TC_03_BookAppointment -->
        <test-method is-config="true" signature="launchApplication()[pri:0, instance:curaHealth.tests.EtETest@78691363]" started-at="2024-09-07T22:44:11 IST" name="launchApplication" finished-at="2024-09-07T22:44:21 IST" duration-ms="9968" status="PASS">
          <reporter-output>
          </reporter-output>
        </test-method> <!-- launchApplication -->
        <test-method signature="TC_04_VerifyIfBookingIsAddedToHistoryPage()[pri:0, instance:curaHealth.tests.EtETest@78691363]" started-at="2024-09-07T22:44:21 IST" name="TC_04_VerifyIfBookingIsAddedToHistoryPage" finished-at="2024-09-07T22:44:41 IST" duration-ms="20128" status="PASS">
          <reporter-output>
          </reporter-output>
        </test-method> <!-- TC_04_VerifyIfBookingIsAddedToHistoryPage -->
      </class> <!-- curaHealth.tests.EtETest -->
    </test> <!-- Default test -->
  </suite> <!-- Default suite -->
</testng-results>
